<?xml version="1.0" encoding="UTF-8"?>
<testng-results ignored="0" total="1" passed="1" failed="0" skipped="0">
  <reporter-output>
  </reporter-output>
  <suite started-at="2020-03-14T18:54:51 EDT" name="Default suite" finished-at="2020-03-14T18:55:07 EDT" duration-ms="15319">
    <groups>
    </groups>
    <test started-at="2020-03-14T18:54:51 EDT" name="Default test" finished-at="2020-03-14T18:55:07 EDT" duration-ms="15319">
      <class name="com.qa.keyWordPro.Test.loginTest">
        <test-method signature="LoginTest()[pri:0, instance:com.qa.keyWordPro.Test.loginTest@3b07a0d6]" started-at="2020-03-14T18:54:52 EDT" name="LoginTest" finished-at="2020-03-14T18:55:07 EDT" duration-ms="15290" status="PASS">
          <reporter-output>
          </reporter-output>
        </test-method> <!-- LoginTest -->
      </class> <!-- com.qa.keyWordPro.Test.loginTest -->
    </test> <!-- Default test -->
  </suite> <!-- Default suite -->
</testng-results>
